<?xml version="1.0" encoding="UTF-8"?>
<!-- Generated by org.testng.reporters.JUnitReportReporter -->
<testsuite hostname="PE-IT002058" failures="0" tests="1" name="cucumberOptions.TestNGTestRunner" time="9.041" errors="0" timestamp="2025-01-09T22:41:50 GMT-05:00" skipped="0">
  <testcase classname="cucumberOptions.TestNGTestRunner" name="runScenario" time="9.041"/>
</testsuite> <!-- cucumberOptions.TestNGTestRunner -->
